{"/Users/sunweiqi/Desktop/self/webpack/src/index.ts": {"path":"/Users/sunweiqi/Desktop/self/webpack/src/index.ts","statementMap":{"0":{"start":{"line":1,"column":0},"end":{"line":1,"column":41}},"1":{"start":{"line":4,"column":8},"end":{"line":4,"column":17}},"2":{"start":{"line":2,"column":0},"end":{"line":2,"column":33}},"3":{"start":{"line":4,"column":19},"end":{"line":4,"column":24}}},"fnMap":{},"branchMap":{},"s":{"0":1,"1":1,"2":1,"3":1},"f":{},"b":{}}
,"/Users/sunweiqi/Desktop/self/webpack/src/constants/index.ts": {"path":"/Users/sunweiqi/Desktop/self/webpack/src/constants/index.ts","statementMap":{"0":{"start":{"line":1,"column":0},"end":{"line":1,"column":33}},"1":{"start":{"line":3,"column":8},"end":{"line":3,"column":13}}},"fnMap":{},"branchMap":{},"s":{"0":2,"1":2},"f":{},"b":{}}
,"/Users/sunweiqi/Desktop/self/webpack/src/constants/order.ts": {"path":"/Users/sunweiqi/Desktop/self/webpack/src/constants/order.ts","statementMap":{"0":{"start":{"line":1,"column":13},"end":{"line":4,"column":2}},"1":{"start":{"line":6,"column":13},"end":{"line":9,"column":null}}},"fnMap":{},"branchMap":{},"s":{"0":1,"1":1},"f":{},"b":{}}
,"/Users/sunweiqi/Desktop/self/webpack/src/utils/order.ts": {"path":"/Users/sunweiqi/Desktop/self/webpack/src/utils/order.ts","statementMap":{"0":{"start":{"line":1,"column":0},"end":{"line":1,"column":47}},"1":{"start":{"line":5,"column":2},"end":{"line":5,"column":37}},"2":{"start":{"line":4,"column":0},"end":{"line":4,"column":16}}},"fnMap":{"0":{"name":"isInitOrder","decl":{"start":{"line":4,"column":16},"end":{"line":4,"column":27}},"loc":{"start":{"line":4,"column":42},"end":{"line":6,"column":1}}}},"branchMap":{},"s":{"0":1,"1":2,"2":1},"f":{"0":2},"b":{}}
}
