TN:
SF:/Users/sunweiqi/Desktop/self/webpack/src/index.ts
FNF:0
FNH:0
DA:1,1
DA:2,1
DA:4,1
LF:3
LH:3
BRF:0
BRH:0
end_of_record
TN:
SF:/Users/sunweiqi/Desktop/self/webpack/src/constants/index.ts
FNF:0
FNH:0
DA:1,2
DA:3,2
LF:2
LH:2
BRF:0
BRH:0
end_of_record
TN:
SF:/Users/sunweiqi/Desktop/self/webpack/src/constants/order.ts
FNF:0
FNH:0
DA:1,1
DA:6,1
LF:2
LH:2
BRF:0
BRH:0
end_of_record
TN:
SF:/Users/sunweiqi/Desktop/self/webpack/src/utils/order.ts
FN:4,isInitOrder
FNF:1
FNH:1
FNDA:2,isInitOrder
DA:1,1
DA:4,1
DA:5,2
LF:3
LH:3
BRF:0
BRH:0
end_of_record
